\BOOKMARK [1][-]{section.1}{\376\377\000V\000a\000r\000i\000a\000v\000e\000i\000s}{}% 1
\BOOKMARK [1][-]{section.2}{\376\377\000C\000o\000e\000r\000\347\000\343\000o}{}% 2
\BOOKMARK [1][-]{section.3}{\376\377\000S\000e\000p\000a\000r\000a\000d\000o\000r}{}% 3
\BOOKMARK [1][-]{section.4}{\376\377\000F\000-\000s\000t\000r\000i\000n\000g\000s}{}% 4
\BOOKMARK [1][-]{section.5}{\376\377\000F\000o\000r\000m\000a\000t\000a\000c\000a\000o\000\040\000s\000t\000r\000i\000n\000g\000s\000\040\000u\000s\000a\000n\000d\000o\000\040\000f\000o\000r\000m\000a\000t}{}% 5
\BOOKMARK [1][-]{section.6}{\376\377\000O\000p\000e\000r\000a\000d\000o\000r\000e\000s\000\040\000l\000o\000g\000i\000c\000o\000s}{}% 6
\BOOKMARK [2][-]{subsection.6.1}{\376\377\000e\000x\000e\000m\000p\000l\000o\000\040\000a\000n\000d}{section.6}% 7
\BOOKMARK [2][-]{subsection.6.2}{\376\377\000e\000x\000e\000m\000p\000l\000o\000\040\000o\000r}{section.6}% 8
\BOOKMARK [2][-]{subsection.6.3}{\376\377\000o\000p\000e\000r\000a\000d\000o\000r\000\040\000n\000o\000t}{section.6}% 9
\BOOKMARK [2][-]{subsection.6.4}{\376\377\000o\000p\000e\000r\000a\000d\000o\000r\000\040\000n\000o\000t\000\040\000i\000n}{section.6}% 10
\BOOKMARK [1][-]{section.7}{\376\377\000o\000p\000e\000r\000a\000d\000o\000r\000e\000s\000\040\000a\000r\000i\000t\000m\000e\000t\000i\000c\000o\000s}{}% 11
\BOOKMARK [1][-]{section.8}{\376\377\000i\000n\000t\000e\000r\000p\000o\000l\000a\000\347\000\343\000o\000\040\000d\000e\000\040\000s\000t\000r\000i\000n\000g\000\040\000c\000o\000m\000\040\000p\000o\000r\000c\000e\000n\000t\000a\000g\000e\000m\000\040\000e\000m\000\040\000p\000y\000t\000h\000o\000n}{}% 12
\BOOKMARK [1][-]{section.9}{\376\377\000F\000o\000r\000m\000a\000t\000\347\000\343\000o\000\040\000d\000e\000\040\000s\000t\000r\000i\000n\000g\000s\000\040\000c\000o\000m\000\040\000F\000-\000s\000t\000r\000i\000n\000g\000s}{}% 13
\BOOKMARK [1][-]{section.10}{\376\377\000F\000a\000t\000i\000a\000m\000e\000n\000t\000o\000\040\000d\000e\000\040\000s\000t\000r\000i\000n\000g\000s}{}% 14
\BOOKMARK [1][-]{section.11}{\376\377\000I\000n\000t\000r\000o\000d\000u\000\347\000\343\000o\000\040\000a\000\040\000T\000r\000y\000\040\000e\000\040\000E\000x\000c\000e\000p\000t}{}% 15
\BOOKMARK [1][-]{section.12}{\376\377\000i\000d\000\040\000-\000\040\000A\000\040\000i\000d\000e\000n\000t\000i\000d\000a\000d\000e\000\040\000d\000o\000\040\000v\000a\000l\000o\000r\000\040\000q\000u\000e\000\040\000e\000s\000t\000\341\000\040\000n\000a\000\040\000m\000e\000m\000o\000r\000i\000a}{}% 16
\BOOKMARK [1][-]{section.13}{\376\377\000F\000l\000a\000g\000s\000,\000\040\000i\000s\000,\000\040\000i\000s\000\040\000n\000o\000t\000,\000\040\000e\000\040\000N\000o\000n\000e}{}% 17
\BOOKMARK [1][-]{section.14}{\376\377\000T\000i\000p\000o\000s\000\040\000b\000u\000i\000l\000t\000-\000i\000n\000,\000\040\000t\000i\000p\000o\000s\000\040\000i\000m\000u\000t\000a\000v\000e\000i\000s\000,\000\040\000m\000e\000t\000o\000d\000o\000s\000\040\000d\000e\000\040\000s\000t\000r\000i\000n\000g\000s\000,\000\040\000d\000o\000c\000u\000m\000e\000n\000t\000a\000\347\000\343\000o}{}% 18
\BOOKMARK [1][-]{section.15}{\376\377\000w\000h\000i\000l\000e}{}% 19
\BOOKMARK [1][-]{section.16}{\376\377\000o\000p\000e\000r\000a\000d\000o\000r\000e\000s\000\040\000d\000e\000\040\000a\000t\000r\000i\000b\000u\000i\000\347\000\343\000o\000\040\000c\000o\000m\000\040\000o\000p\000e\000r\000a\000d\000o\000r\000e\000s\000\040\000a\000r\000i\000t\000m\000e\000t\000i\000c\000o\000s}{}% 20
\BOOKMARK [1][-]{section.17}{\376\377\000w\000h\000i\000l\000e\000\040\000+\000\040\000c\000o\000n\000t\000i\000n\000u\000e\000\040\000p\000u\000l\000a\000n\000d\000o\000\040\000r\000e\000p\000e\000t\000i\000c\000o\000e\000s}{}% 21
\BOOKMARK [1][-]{section.18}{\376\377\000w\000h\000i\000l\000e\000\040\000+\000\040\000w\000h\000i\000l\000e\000\050\000l\000a\000c\000o\000s\000\040\000i\000n\000t\000e\000r\000n\000o\000s\000\051}{}% 22
\BOOKMARK [1][-]{section.19}{\376\377\000w\000h\000i\000l\000e\000-\000e\000l\000s\000e}{}% 23
\BOOKMARK [1][-]{section.20}{\376\377\000f\000o\000r\000-\000i\000n}{}% 24
\BOOKMARK [1][-]{section.21}{\376\377\000f\000o\000r\000\040\000+\000\040\000r\000a\000n\000g\000e}{}% 25
\BOOKMARK [1][-]{section.22}{\376\377\000f\000o\000r\000\040\000p\000o\000r\000\040\000b\000a\000i\000x\000o\000\040\000d\000o\000s\000\040\000p\000a\000n\000o\000s}{}% 26
\BOOKMARK [1][-]{section.23}{\376\377\000f\000o\000r\000\040\000e\000\040\000s\000u\000a\000s\000\040\000v\000a\000r\000i\000a\000\347\000\365\000e\000s}{}% 27
\BOOKMARK [1][-]{section.24}{\376\377\000T\000i\000p\000o\000\040\000l\000i\000s\000t}{}% 28
\BOOKMARK [1][-]{section.25}{\376\377\000i\000n\000t\000r\000o\000d\000u\000\347\000\343\000o\000\040\000a\000o\000n\000\040\000d\000e\000s\000e\000m\000p\000a\000c\000o\000t\000a\000m\000e\000n\000t\000o\000\040\000e\000\040\000t\000u\000p\000l\000a\000s}{}% 29
\BOOKMARK [2][-]{subsection.25.1}{\376\377\000t\000u\000p\000l\000a\000s}{section.25}% 30
\BOOKMARK [1][-]{section.26}{\376\377\000e\000n\000u\000m\000e\000r\000a\000t\000e}{}% 31
\BOOKMARK [1][-]{section.27}{\376\377\000i\000m\000p\000r\000e\000c\000i\000s\000a\000o\000\040\000d\000o\000\040\000n\000u\000m\000e\000r\000o\000s\000\040\000d\000e\000\040\000p\000o\000n\000t\000o\000s\000\040\000f\000l\000u\000t\000u\000a\000n\000t\000e\000\040\000e\000\040\000d\000e\000c\000i\000m\000a\000l}{}% 32
\BOOKMARK [1][-]{section.28}{\376\377\000s\000p\000l\000i\000t\000\040\000e\000\040\000j\000o\000i\000n}{}% 33
\BOOKMARK [1][-]{section.29}{\376\377\000L\000i\000s\000t\000a\000s\000\040\000d\000e\000n\000t\000r\000o\000\040\000d\000e\000\040\000l\000i\000s\000t\000a\000s}{}% 34
\BOOKMARK [1][-]{section.30}{\376\377\000i\000n\000t\000e\000r\000p\000r\000e\000t\000a\000d\000o\000r\000\040\000p\000y\000t\000h\000o\000n}{}% 35
\BOOKMARK [1][-]{section.31}{\376\377\000D\000e\000s\000e\000m\000p\000a\000c\000o\000t\000a\000m\000e\000n\000t\000o\000\040\000n\000a\000s\000\040\000c\000h\000a\000m\000a\000d\000a\000s\000\040\000d\000a\000s\000\040\000f\000u\000n\000\347\000\365\000e\000s}{}% 36
\BOOKMARK [1][-]{section.32}{\376\377\000O\000p\000e\000r\000a\000c\000a\000o\000\040\000t\000e\000r\000n\000a\000r\000i\000o}{}% 37
